2025-10-13 20:55:50,166 - INFO - Scraping images from: http://www.alkalinetrioarchive.com/sales.html
2025-10-13 20:55:50,538 - INFO - Found 0 items with data-id
2025-10-13 20:55:50,538 - INFO - Found 0 Cloudinary images
2025-10-13 20:55:50,538 - ERROR - No images found to process
2025-10-13 20:55:50,538 - INFO - Results saved to: data/EbayListings.json
2025-10-13 21:09:07,410 - INFO - Loaded 0 existing records
2025-10-13 21:09:07,410 - INFO - Found data/eBaySales.json, loading from there...
2025-10-13 21:09:07,410 - INFO - Loading images from JSON file: data/eBaySales.json
2025-10-13 21:09:07,411 - INFO - Loaded 550 images from JSON
2025-10-13 21:09:07,411 - INFO - Processing 20 images (limited from 550 total)...
2025-10-13 21:09:07,411 - INFO - Processing 1/20: item474949472a
2025-10-13 21:09:08,294 - INFO - ✓ Extracted: item474949472a - abe em, Pes see {! | Viewsimitar active items
2025-10-13 21:09:08,796 - INFO - Processing 2/20: item42ca3a0c3d
2025-10-13 21:09:09,476 - INFO - ✓ Extracted: item42ca3a0c3d - f oA Alkaline Trio Strangle T-Shirt - Punk Rock, W
2025-10-13 21:09:09,978 - INFO - Processing 3/20: item1fcae03d45
2025-10-13 21:09:10,799 - INFO - ✓ Extracted: item1fcae03d45 - ny (ye ee NI tee Vbid
2025-10-13 21:09:11,301 - INFO - Processing 4/20: item452732616a
2025-10-13 21:09:12,202 - INFO - ✓ Extracted: item452732616a - pemeeeenmemeyygermewerreermray ALKALINE TRIO - FRO
2025-10-13 21:09:12,704 - INFO - Processing 5/20: item2fe8a0475c
2025-10-13 21:09:13,562 - INFO - ✓ Extracted: item2fe8a0475c - [ey] Alkaline Trio - Agony & Irony (2008)
2025-10-13 21:09:14,064 - INFO - Processing 6/20: item454b8b4866
2025-10-13 21:09:14,979 - INFO - ✓ Extracted: item454b8b4866 - i fee, Alkaline Trio CD Lot 5 Punk Rock Emo Altern
2025-10-13 21:09:15,481 - INFO - Processing 7/20: item5c45266b2a
2025-10-13 21:09:16,214 - ERROR - ✗ Error processing item5c45266b2a: 'NoneType' object is not subscriptable
2025-10-13 21:09:16,716 - INFO - Processing 8/20: item4e39dd3c42
2025-10-13 21:09:17,498 - INFO - ✓ Extracted: item4e39dd3c42 - FRESE] | Sosoctw,2025
2025-10-13 21:09:18,000 - INFO - Processing 9/20: item2badb8d03e
2025-10-13 21:09:18,734 - ERROR - ✗ Error processing item2badb8d03e: 'NoneType' object is not subscriptable
2025-10-13 21:09:19,236 - INFO - Processing 10/20: item5325ba931b
2025-10-13 21:09:20,290 - ERROR - ✗ Error processing item5325ba931b: 'NoneType' object is not subscriptable
2025-10-13 21:09:20,292 - INFO - Results saved to: data/EbayListings.json
2025-10-13 21:09:20,293 - INFO - Progress saved: 10 images processed
2025-10-13 21:09:20,793 - INFO - Processing 11/20: item42c9e0db4e
2025-10-13 21:09:21,580 - ERROR - ✗ Error processing item42c9e0db4e: 'NoneType' object is not subscriptable
2025-10-13 21:09:22,082 - INFO - Processing 12/20: item475a47b350
2025-10-13 21:09:22,826 - INFO - ✓ Extracted: item475a47b350 - Tre Sald Oct 12, 2025
2025-10-13 21:09:23,328 - INFO - Processing 13/20: item2e0b6d7e38
2025-10-13 21:09:24,264 - INFO - ✓ Extracted: item2e0b6d7e38 - Ke - sa ee] | Alkaline Trio - Good Mouming (Black 
2025-10-13 21:09:24,766 - INFO - Processing 14/20: item54cb139f20
2025-10-13 21:09:25,513 - ERROR - ✗ Error processing item54cb139f20: 'NoneType' object is not subscriptable
2025-10-13 21:09:26,015 - INFO - Processing 15/20: item3bdde9e0b2
2025-10-13 21:09:26,954 - INFO - ✓ Extracted: item3bdde9e0b2 - Le es ace Damnesia by Alkaline Trio (2LP Color Vin
2025-10-13 21:09:27,456 - INFO - Processing 16/20: item44f627a6d6
2025-10-13 21:09:28,266 - INFO - ✓ Extracted: item44f627a6d6 - matt shibe & Kevin seconds f Pre-Owned
2025-10-13 21:09:28,767 - INFO - Processing 17/20: item3bddbbced9
2025-10-13 21:09:29,620 - INFO - ✓ Extracted: item3bddbbced9 - ERTET REGIST] Remains - GOOD
2025-10-13 21:09:30,122 - INFO - Processing 18/20: item4734598e75
2025-10-13 21:09:30,983 - INFO - ✓ Extracted: item4734598e75 - Al ‘Alt EST 10 Goddamnit - CD MRVG The Cheap Fast 
2025-10-13 21:09:31,484 - INFO - Processing 19/20: item21bfa0a122
2025-10-13 21:09:32,448 - INFO - ✓ Extracted: item21bfa0a122 - BT : Eee #1 Alkaline Trio - My Shame Is True [New 
2025-10-13 21:09:32,950 - INFO - Processing 20/20: item293c096610
2025-10-13 21:09:33,648 - INFO - ✓ Extracted: item293c096610 - Sete The Alkaline Trio Halloween Shirt Size S-SXL 
2025-10-13 21:09:33,650 - INFO - Results saved to: data/EbayListings.json
2025-10-13 21:09:33,650 - INFO - Progress saved: 20 images processed
2025-10-13 21:09:34,151 - INFO - Results saved to: data/EbayListings.json
2025-10-13 21:20:28,102 - INFO - Loaded 20 existing records
2025-10-13 21:20:28,102 - INFO - Found data/eBaySales.json, loading from there...
2025-10-13 21:20:28,102 - INFO - Loading images from JSON file: data/eBaySales.json
2025-10-13 21:20:28,103 - INFO - Loaded 550 images from JSON
2025-10-13 21:20:28,103 - INFO - Processing 20 images (limited from 550 total)...
2025-10-13 21:20:28,103 - INFO - 
[1/20] Processing: item474949472a
2025-10-13 21:20:28,103 - INFO - Skipping duplicate: item474949472a
2025-10-13 21:20:28,103 - INFO - 
[2/20] Processing: item42ca3a0c3d
2025-10-13 21:20:28,103 - INFO - Skipping duplicate: item42ca3a0c3d
2025-10-13 21:20:28,104 - INFO - 
[3/20] Processing: item1fcae03d45
2025-10-13 21:20:28,104 - INFO - Skipping duplicate: item1fcae03d45
2025-10-13 21:20:28,104 - INFO - 
[4/20] Processing: item452732616a
2025-10-13 21:20:28,104 - INFO - Skipping duplicate: item452732616a
2025-10-13 21:20:28,104 - INFO - 
[5/20] Processing: item2fe8a0475c
2025-10-13 21:20:28,104 - INFO - Skipping duplicate: item2fe8a0475c
2025-10-13 21:20:28,104 - INFO - 
[6/20] Processing: item454b8b4866
2025-10-13 21:20:28,104 - INFO - Skipping duplicate: item454b8b4866
2025-10-13 21:20:28,104 - INFO - 
[7/20] Processing: item5c45266b2a
2025-10-13 21:20:28,104 - INFO - Skipping duplicate: item5c45266b2a
2025-10-13 21:20:28,104 - INFO - 
[8/20] Processing: item4e39dd3c42
2025-10-13 21:20:28,104 - INFO - Skipping duplicate: item4e39dd3c42
2025-10-13 21:20:28,104 - INFO - 
[9/20] Processing: item2badb8d03e
2025-10-13 21:20:28,104 - INFO - Skipping duplicate: item2badb8d03e
2025-10-13 21:20:28,104 - INFO - 
[10/20] Processing: item5325ba931b
2025-10-13 21:20:28,104 - INFO - Skipping duplicate: item5325ba931b
2025-10-13 21:20:28,104 - INFO - 
[11/20] Processing: item42c9e0db4e
2025-10-13 21:20:28,105 - INFO - Skipping duplicate: item42c9e0db4e
2025-10-13 21:20:28,105 - INFO - 
[12/20] Processing: item475a47b350
2025-10-13 21:20:28,105 - INFO - Skipping duplicate: item475a47b350
2025-10-13 21:20:28,105 - INFO - 
[13/20] Processing: item2e0b6d7e38
2025-10-13 21:20:28,105 - INFO - Skipping duplicate: item2e0b6d7e38
2025-10-13 21:20:28,105 - INFO - 
[14/20] Processing: item54cb139f20
2025-10-13 21:20:28,105 - INFO - Skipping duplicate: item54cb139f20
2025-10-13 21:20:28,105 - INFO - 
[15/20] Processing: item3bdde9e0b2
2025-10-13 21:20:28,105 - INFO - Skipping duplicate: item3bdde9e0b2
2025-10-13 21:20:28,105 - INFO - 
[16/20] Processing: item44f627a6d6
2025-10-13 21:20:28,105 - INFO - Skipping duplicate: item44f627a6d6
2025-10-13 21:20:28,105 - INFO - 
[17/20] Processing: item3bddbbced9
2025-10-13 21:20:28,105 - INFO - Skipping duplicate: item3bddbbced9
2025-10-13 21:20:28,105 - INFO - 
[18/20] Processing: item4734598e75
2025-10-13 21:20:28,105 - INFO - Skipping duplicate: item4734598e75
2025-10-13 21:20:28,105 - INFO - 
[19/20] Processing: item21bfa0a122
2025-10-13 21:20:28,105 - INFO - Skipping duplicate: item21bfa0a122
2025-10-13 21:20:28,105 - INFO - 
[20/20] Processing: item293c096610
2025-10-13 21:20:28,105 - INFO - Skipping duplicate: item293c096610
2025-10-13 21:20:28,106 - INFO - Results saved to: data/EbayListings.json
